# Evening

Always_Look_on_the_Bright_Side
Bring_the_Light
Find_My_Tribe
Gather_Round
Move_the_World
Walk_With_Me
When_I_Die
X_Days_of_X_Risk

#Dusk

That_Problem_Solved

# Twilight

Bitter_Wind_Blown
Bring_the_Light_Reprise
Chasing_Patterns
Give_My_Your_Tired
Something_Impossible
Time_Wrote_the_Rocks

# Night

Bitter_Wind_March
Blowin_in_the_Wind
Do_You_Realize
Hymn_to_the_Breaking_Strain
Little_Echo
Malthusian_Trap_Song
Sinner_Man_Pandemic
Stopping_in_the_Woods
Voicing_of_Fear

# Dawn

Brighter_Than_Today
Endless_Light

# Morning

Forever_Young
Here_and_Now
Here_Comes_the_Sun
Seasons_of_Love

# Days to Come

Five_Thousand_Years
Uplift