# To Bring on the Night

Beyond_the_Reach
A_Bottomless_Pit
No_Royal_Road
You_Cant_Save_Them_All

# With a Single Candle

Eternal_Winter
500_Million_But_Not_A_Single_One_More
Last_Victim
The_Man_Who_Lived
Pale_Blue_Dot
Probability
Something_Possible
World_On_The_Brink

# About Stories
Origin_of_Stories_Morning_Edition
Origin_of_Stories_Twilight_Edition
Stories_Untold

# Other
A_Changing_Mythology
Call_and_Response_Defiance
Do_Not_Go_Gentle
The_First_Victims
The_Goddess_of_Everything_Else
Howl
Litany_of_Tarski
Story_of_Winter
What_Does_It_Mean_To_Be_Forever_Young
What_Exactly_Are_We_Doing_Here
