#Bonfire

The_Circle
Introduction_Bay_2023
Life_Is_Too_Short_To_Fold_Underwear
Song_Nitpicking
Time_Wrote_the_Rocks
Underrated_Reasons_To_Be_Thankful_1
Bold_Orion

#Embers

Underrated_Reasons_To_Be_Thankful_2
The_Fallen_Star
On_Wanting_Things

#Night
Interlude_Night
Bitter_Wind_Blown
High_Stakes
Hymn_to_the_Breaking_Strain
For_Every_Ailment
Interlude_No_One_Survives
No_One_Survives
Minute_of_Silence
Songs_Stay_Sung
Call_and_Response_Defiance_Abridged

#Dawn
Brighter_Than_Today
Half_Monkey_Half_God
Song_of_the_Artesian_Water
Interlude_We_Have_Already_Won
I_Have_Seen

#Morning
Underrated_Reasons_To_Be_Thankful_3
We_will_not_die_of_this
Ballad_of_Smallpox_Gone

#Tomorrows
Underrated_Reasons_To_Be_Thankful_4
Interlude_Part_Of_The_Project
Level_Up
The_Orange
Interlude_Building_The_Future
The_GTF
Interlude_What_Future_Do_You_Want
Five_Thousand_Years
What_a_Wonderful_World