# Light
Story_of_Winter
The_Sun_Is_A_Guy_Who_Travels_Through_The_Sky
Litany_of_Tarski: If the sky is blue
Mindspace_Is_Deep_And_Wide
Time_Wrote_the_Rocks
The_Sun_Is_A_Mass_Of_Incandescent_Gas

# Twilight
Baby_Genie
Still_Alive
Contract_Drafting_Em
Litany_of_Tarski: If I'm going to be outcompeted
X_Days_of_X_Risk
Litany_of_Tarski: If humanity will be wiped out
X_Days_of_X_Risk
When_I_Die
Not_Today

# Into Darkness
Beyond_the_Reach
Mals_Song
No_One_Is_Alone
Serenity
Gift_We_Give_Tommorow

# Darkness
Moment_of_Darkness

# Dawm
Brighter_Than_Today
Jewel_In_The_Night
Lean_on_Me

# Light
Nothing_Is_Mere
Move_the_World
The_Sun_Is_A_Miasma
Gonna_Be_A_Cyborg
Uplift
Litany_of_Tarski: If human values will survive
Five_Thousand_Years
Road_to_Wisdom
