Still_Alive
Welcome_To_New_Years
The_Circle
I_Hear_America_Singing
Uplift
Time_Wrote_the_Rocks
Tortoise_Skills
Song_of_the_Artesian_Water
The_Starfish_and_the_Net
Somebody_Will
Have_a_Plan_Write_it_Down
Lucifer

# Intermission

Meselson_and_Bioweapons
Chasing_Patterns
Intelligent_Machinery_A_Heretical_Theory
Beautiful_Tomorrow
What_Resembles_The_Grave_But_Isnt
Next_Right_Thing
Loss_and_Gain
Hymn_to_the_Breaking_Strain
Moment_of_Resolution
Brighter_Than_Today
Only_Human
The_Mary_Ellen_Carter
Try_Everything
Tsuyoku_Naritai
Level_Up
The_Aim_Was_Song
Old_Devil_Time

