{101 Years Since Spanish Flu}

# Light

Welcome
Lean_on_Me
The_Sun_Is_A_Guy_Who_Travels_Through_The_Sky
What_I_Learned_About_Risk_from_Parenting
Uplift
Her_Mysteries
Pale_Blue_Dot
Chasing_Patterns
The_Sun_Is_A_Mass_Of_Incandescent_Gas

# Twilight

How_We_Remember_and_What
Somebody_Will
Hymn_to_the_Breaking_Strain

# Darkness

Sinner_Man_Pandemic
Beyond_the_Reach

# Light

Brighter_Than_Today
The_Sun_Is_A_Miasma_Shortened
Gift_We_Give_Tommorow
What_a_Wonderful_World
500_Million_But_Not_A_Single_One_More
Old_Devil_Time

