{ No Speeches, Just Music }

# Light

Always_Look_on_the_Bright_Side
The_Sun_Is_A_Guy_Who_Travels_Through_The_Sky
Singing_Up_The_Sun
Galaxy_Song
X_Days_of_X_Risk
The_Sun_Is_A_Mass_Of_Incandescent_Gas

# Dusk

Legends

# Night
Bitter_Wind_Blown
Empty_Chairs_At_Empty_Tables
Hymn_to_the_Breaking_Strain
Next_Right_Thing
Bitter_Wind_March

# Dawn

Brighter_Than_Today

# Morning
Here_Comes_the_Sun
The_Sun_Is_A_Miasma_Shortened
Level_Up
The_Mary_Ellen_Carter

# Days to Come
The_Sun_Is_An_Ember
Five_Thousand_Years

