# Preparation

Communal_Meal
Frankfurt_2017_Introductory_Speech
Schedule_Planning
Hot_Seat
The_Cube

# Light

Imagine
Ten_Offers
Galaxy_Song
Uplift
Unsong_Prologue_German
Still_Alive

# Twilight

A_Thousand_Stars
Lean_on_Me
Travelers
Blowin_in_the_Wind
Song_About_Cruelty_of_Nature
Space_Oddity

# Eve

Gift_We_Give_Tommorow
Bitter_Wind_Blown
Story_about_Illness
Song_about_Age_and_Death
Communal_Meal

# Night

Bitter_Wind_March
Beyond_the_Reach
Minute_of_Silence

# Dawn

This_Is_a_Dawn
Matches_Ritual
Brighter_Than_Today

# Morning

Here_Comes_the_Sun
What_a_Wonderful_World
Pale_Blue_Dot
Always_Look_on_the_Bright_Side
Epsilon_Eridani

# Afterwards

International_Day_to_End_Violence_Against_Sex_Workers
Toasts_Boasts_and_Oaths
New_Year_Ritual
Feedback