{Options given, only some of which were performed}

# Autumn

Gratitude_Meditation_Walk
Harvest_Stretches
Autumn
High_Flight
We_Know_The_Way
When_I_Die
Opening_Speech_Boston2016
You_Cant_Save_Them_All
Improvised_Skit: Discovery of Agriculture

# Winter

Hibernation_Stretches
Sacrifice
Dim_Lake
Prediction_WWII
Improvised_Skit: Discovery of Fire
500_Million_But_Not_A_Single_One_More
Pale_Blue_Dot
The_Virtues_of_Solstice
The_Goddess_of_Everything_Else_Abridged
Do_You_Realize
Brighter_Than_Today

# Spring

Write_Down_What_Youre_Planning_To_Work_On_This_Year_And_Plant_It
Sprouting_Stretches
Hope_Is_The_Thing_With_Feathers
Travelers
Watched_Over_by_Machines_of_Loving_Grace
Improvised_Skit: God OR Reason
How_We_Will_Be_Measured
Uplift
Here_Comes_the_Sun

