# Beforehand

Technical_Note

# Bright

Necronomicon
Welcome_to_Solstice_2020
Bold_Orion
Meditation_on_the_past
Bitter_Wind_Blown
Chasing_Patterns
Time_Wrote_the_Rocks

# Dim

Meditation_on_the_present
Hard_Times_Come_Again_No_More
The_Virtues_of_Solstice
Sound_of_Silence
I_Dont_Know
Stopping_in_the_Woods
Blowin_in_the_Wind

# Candlelit

Grief_Comes_In_Many_Forms
Hymn_to_the_Breaking_Strain
Bitter_Wind_March
Orders_of_Magnitude

# Dark

Minute_of_Silence
Call_and_Response_Defiance_Abridged
500_Million_But_Not_A_Single_One_More
Brighter_Than_Today

# Bright

Here_Comes_the_Sun
Keeping_your_eyes_open
Beautiful_Tomorrow
Brighter_Futures
Uplift
Meditation_on_the_future
Five_Thousand_Years
Road_to_Wisdom