{World on the Brink}

# Light

Always_Look_on_the_Bright_Side
Let_It_Snow
X_Days_of_X_Risk
Move_the_World

# Twilight
Origin_of_Song
Circle_Song
Bring_the_Light
Bitter_Wind_Blown
Chasing_Patterns
Mistakes_were_Made
Time_Wrote_the_Rocks
Do_You_Realize

# Night
Beyond_the_Reach
Blowin_in_the_Wind
Stopping_in_the_Woods
World_On_The_Brink
Do_You_Hear_What_I_Hear

# Darkness
Pale_Blue_Dot

# Dawn
Brighter_Than_Today
Seasons_of_Love
Here_and_Now
Here_Comes_the_Sun
[Audience Shoutouts]

# Tomorrow
Wanderers
Mals_Song
Origin_of_Stories_Morning_Edition
Endless_Light
Uplift
Five_Thousand_Years
