{Looking to the Future}

# Evening

Always_Look_on_the_Bright_Side
Still_Alive
We_Are_Gathered_2019
When_I_Die
X_Days_of_X_Risk
Prediction_Artificial_Intelligence

# Dusk

Contract_Drafting_Em

# Twilight

Disneyland_with_No_Children
Bitter_Wind_Blown
Origin_of_Stories_Twilight_Edition
Chasing_Patterns
Prediction_Phenotypes
Time_Wrote_the_Rocks

# Night

Do_You_Realize
No_Royal_Road
Voicing_of_Fear
Prediction_WWII
Momma_Look_Sharp
Bitter_Wind_March
We_Are_Here
Call_and_Response_Defiance_Abridged

# Dawn

Brighter_Than_Today
Endless_Light

# Morning

Here_Comes_the_Sun
Here_and_Now
Prediction_Ozone
I_Have_Seen
Dont_Shoot_The_Messenger


# Days to Come

Letter_From_Utopia
Let_There_Be_Love
Prediction_Invent_It
Uplift
Five_Thousand_Years
Road_to_Wisdom