{The First One}

# Light
Litany_of_Tarski: If I am an alien-hybrid fish person
Its_beginning_to_look_a_lot_like_Fish_Men
Strange_Geometries_at_Solstice
All_I_Want_For_Solstice_is_My_Sanity
Oh_Ancient_Town_of_Old_Rlyeh
Have_Yourself_a_Scary_Little_Solstice

# A Little Darker
Litany_of_Tarski: If preserving my brain can give me a lifespan with an expected value of fourteen hundred years,
Necronomicon
RE_Your_Brains
Always_Look_on_the_Bright_Side

# Darker Still
Litany_of_Tarski: If humankind will be destroyed during my lifetime
The_Humans_Are_Dead
Chiron_Beta_Prime
We_Will_All_Go_Together_When_We_Go
Carol_of_the_Old_Ones

# Even Darker
An_Alien_God
Litany_of_Tarski: If humankind will be destroyed during my lifetime
Mindspace_Is_Deep_And_Wide
Time_Wrote_the_Rocks
Spring_Mourning

# Dark
Litany_of_Gendlin
Beyond_the_Reach
We_Can_Build_Ourselves_a_Henge
The_Pantheon
The_Drummers_Little_Boy
No_One_Is_Alone

# Light Renewed
Gift_We_Give_Tommorow
Minute_of_Silence
Brighter_Than_Today
Still_Alive
Uplift
I_Love_the_World
Singularity

# Coda
Road_to_Wisdom
