# Light
Always_Look_on_the_Bright_Side
X_Days_of_X_Risk
Bring_the_Light
Gather_Round
When_I_Die

# Twilight
The_First_Victims
Bitter_Wind_Blown
Chasing_Patterns
A_Changing_Mythology
Time_Wrote_the_Rocks
The_Road_to_Eradication
Bring_the_Light_Reprise

# Night
Do_You_Realize
You_Cant_Save_Them_All
Blowin_in_the_Wind
Stopping_in_the_Woods
Bitter_Wind_March
500_Million_But_Not_A_Single_One_More

# Dawn
Endless_Light
Brighter_Than_Today
Seasons_of_Love
Here_and_Now
Here_Comes_the_Sun

# Tomorrow
Origin_of_Stories_Morning_Edition
Uplift
Five_Thousand_Years