{Points of Leverage}

# Evening

Always_Look_on_the_Bright_Side
Still_Alive
We_Are_Gathered_2022
When_I_Die
Die_Gedanken_sind_frei
One_Song_Many_Tyrants

# Dusk

Somewhere_to_Begin

# Twilight

First_Step
Bitter_Wind_Blown
Chasing_Patterns
John_Snow_and_the_Broad_St_Pump
Time_Wrote_the_Rocks

# Night

Do_You_Realize
Fritz_Haber
Attempts_Were_Made
Momma_Look_Sharp
Voicing_of_Fear
Bitter_Wind_March
We_Are_Here
Call_and_Response_Defiance_Abridged

# Dawn

Brighter_Than_Today
Endless_Light

# Morning

Here_Comes_the_Sun
Here_and_Now
I_Have_Seen
Unexpected_Victory
Move_the_World

# Days to Come

Literally_Moving_the_World
Uplift
Five_Thousand_Years
Road_to_Wisdom