# Light
Why_Does_the_Sun_Shine
Necronomicon
With_a_Little_Help_from_my_Friends
Always_Look_on_the_Bright_Side_of_Life
Stonehenge_Story
Litany_of_Tarski
Space_Oddity

# Twilight
Hymn_to_Breaking_Strain
Pale_Blue_Dot
Litany_of_Tarski
Bold_Orion
Bitter_Wind_Blown
Do_You_Realize
Do_Not_Go_Gentle_Into_That_Good_Night
When_I_Die
Beyond_the_Reach_of_God
Litany_of_Tarski

# Night
Beneath_Midwinter_Midnight
SOME_CANDLELIT_STORY
Moment_of_Darkness

# Dawn
Brighter_than_Today
500_Million_But_Not_One_More
Landsailor
Somebody_Will
Uplift
Lean_on_Me
Metalitany_of_Tarski
Still_Alive
Road_to_Wisdom
