# Day
Card_Exchange
Necronomicon
Bold_Orion
Uplift
DC_Solstice_in_2022
Litany_of_Tarski: If the sky is blue

# Dusk
Beautiful_Tomorrow
Hymn_to_the_Breaking_Strain
Landsailor
Litany_of_Tarski: If progress will save us

# Twilight
Holding_On_And_Letting_Go
Something_Impossible
Next_Right_Thing
Holding_On_And_Letting_Go_2
Litany_of_Tarski: If I should abandon my plans

# Darkness
When_I_Die
Beyond_the_Reach
Minute_of_Silence

# Dawn
Brighter_Than_Today
Endless_Light
500_Million_But_Not_A_Single_One_More
Ballad_of_Smallpox_Gone
Litany_of_Tarski: If reciting this litany is useful
Amy_AKA_Spent_Gladiator_1
Still_Alive
