# Light
Schelling_Game
Battle_Hymn_Of_The_Rationalist_Community
Solstice_Then_And_Now
Litany_of_Gendlin
Litany_of_Tarski: If the sky is blue
X_Days_of_X_Risk
The_Circle
Bold_Orion
Internal_Coordination
Thats_Coordination

# Twilight
Song_of_the_Artesian_Water
Hymn_to_the_Breaking_Strain
Seikilos_Epitaph

# Night
Songs_Stay_Sung
Litany_of_Tarski: If the world will end in the next three years
Beneath_Midwinter_Midnight
Minute_of_Silence

# Dawn
Brighter_Than_Today
Endless_Light
One_Thousand_Years_Adapted
Litany_of_Tarski: If we can predict the future a thousand years in advance
The_GTF
Litany_of_Tarski: Meta
Landsailor
